<?xml version="1.0" encoding="UTF-8"?>
<testng-results ignored="0" total="1" passed="1" failed="0" skipped="0">
  <reporter-output>
  </reporter-output>
  <suite started-at="2018-10-08T19:50:40Z" name="MicroF IT2" finished-at="2018-10-08T19:51:11Z" duration-ms="30334">
    <groups>
    </groups>
    <test started-at="2018-10-08T19:50:40Z" name="Microf Application creation" finished-at="2018-10-08T19:51:11Z" duration-ms="30334">
      <class name="com.microf.testcases.E2ETest">
        <test-method is-config="true" signature="setup()[pri:0, instance:com.microf.testcases.E2ETest@ba54932]" started-at="2018-10-08T19:50:41Z" name="setup" finished-at="2018-10-08T19:50:48Z" duration-ms="7310" status="PASS">
          <reporter-output>
          </reporter-output>
        </test-method> <!-- setup -->
        <test-method signature="CreateApplication(java.lang.String, java.lang.String, java.lang.String, java.lang.String, java.lang.String, java.lang.String, java.lang.String, java.lang.String, java.lang.String, java.lang.String, java.lang.String, java.lang.String, java.lang.String, java.lang.String, java.lang.String, java.lang.String, java.lang.String, java.lang.String, java.lang.String, java.lang.String, java.lang.String, java.lang.String)[pri:0, instance:com.microf.testcases.E2ETest@ba54932]" started-at="2018-10-08T19:50:48Z" name="CreateApplication" data-provider="getTestDataApplicant" finished-at="2018-10-08T19:51:11Z" duration-ms="22354" status="PASS">
          <params>
            <param index="0">
              <value>
                <![CDATA[48]]>
              </value>
            </param>
            <param index="1">
              <value>
                <![CDATA[67]]>
              </value>
            </param>
            <param index="2">
              <value>
                <![CDATA[77]]>
              </value>
            </param>
            <param index="3">
              <value>
                <![CDATA[3001]]>
              </value>
            </param>
            <param index="4">
              <value>
                <![CDATA[3001]]>
              </value>
            </param>
            <param index="5">
              <value>
                <![CDATA[KKDT]]>
              </value>
            </param>
            <param index="6">
              <value>
                <![CDATA[L]]>
              </value>
            </param>
            <param index="7">
              <value>
                <![CDATA[ANDREW]]>
              </value>
            </param>
            <param index="8">
              <value>
                <![CDATA[Vishu.gupta@suntrust.com]]>
              </value>
            </param>
            <param index="9">
              <value>
                <![CDATA[666033883]]>
              </value>
            </param>
            <param index="10">
              <value>
                <![CDATA[08/13/1956]]>
              </value>
            </param>
            <param index="11">
              <value>
                <![CDATA[67 YCUU RDG]]>
              </value>
            </param>
            <param index="12">
              <value>
                <![CDATA[Alien]]>
              </value>
            </param>
            <param index="13">
              <value>
                <![CDATA[UNION CITY]]>
              </value>
            </param>
            <param index="14">
              <value>
                <![CDATA[GA]]>
              </value>
            </param>
            <param index="15">
              <value>
                <![CDATA[30291]]>
              </value>
            </param>
            <param index="16">
              <value>
                <![CDATA[0]]>
              </value>
            </param>
            <param index="17">
              <value>
                <![CDATA[3]]>
              </value>
            </param>
            <param index="18">
              <value>
                <![CDATA[4076660009]]>
              </value>
            </param>
            <param index="19">
              <value>
                <![CDATA[Infy]]>
              </value>
            </param>
            <param index="20">
              <value>
                <![CDATA[Student]]>
              </value>
            </param>
            <param index="21">
              <value>
                <![CDATA[30000]]>
              </value>
            </param>
          </params>
          <reporter-output>
          </reporter-output>
        </test-method> <!-- CreateApplication -->
        <test-method is-config="true" signature="teardown()[pri:0, instance:com.microf.testcases.E2ETest@ba54932]" started-at="2018-10-08T19:51:11Z" name="teardown" finished-at="2018-10-08T19:51:11Z" duration-ms="0" status="PASS">
          <reporter-output>
          </reporter-output>
        </test-method> <!-- teardown -->
      </class> <!-- com.microf.testcases.E2ETest -->
    </test> <!-- Microf Application creation -->
  </suite> <!-- MicroF IT2 -->
</testng-results>
